2025-09-06 17:23:40 | INFO | Processed JSON message: {'timestamp': '2025-09-07T00:23:40.638227', 'temperature': 138.0}
2025-09-06 17:23:40 | INFO | Rolling window size: 10
2025-09-06 17:23:40 | INFO | Max stall temperature range: 0.2 F
2025-09-06 17:23:45 | INFO | Processed JSON message: {'timestamp': '2025-09-07T00:23:45.639550', 'temperature': 138.4}
2025-09-06 17:23:45 | INFO | Rolling window size: 10
2025-09-06 17:23:45 | INFO | Max stall temperature range: 0.2 F
2025-09-06 17:23:52 | INFO | Processed JSON message: {'timestamp': '2025-09-07T00:23:52.871160', 'temperature': 138.8}
2025-09-06 17:23:52 | INFO | Rolling window size: 10
2025-09-06 17:23:52 | INFO | Max stall temperature range: 0.2 F
2025-09-06 17:23:57 | INFO | Processed JSON message: {'timestamp': '2025-09-07T00:23:57.873632', 'temperature': 139.2}
2025-09-06 17:23:57 | INFO | Rolling window size: 10
2025-09-06 17:23:57 | INFO | Max stall temperature range: 0.2 F
2025-09-06 17:24:02 | INFO | Processed JSON message: {'timestamp': '2025-09-07T00:24:02.874907', 'temperature': 139.6}
2025-09-06 17:24:02 | INFO | Rolling window size: 10
2025-09-06 17:24:02 | INFO | Max stall temperature range: 0.2 F
2025-09-06 17:24:07 | INFO | Processed JSON message: {'timestamp': '2025-09-07T00:24:07.877186', 'temperature': 140.0}
2025-09-06 17:24:07 | INFO | Rolling window size: 10
2025-09-06 17:24:07 | INFO | Max stall temperature range: 0.2 F
2025-09-06 17:24:12 | INFO | Processed JSON message: {'timestamp': '2025-09-07T00:24:12.879186', 'temperature': 140.4}
2025-09-06 17:24:12 | INFO | Rolling window size: 10
2025-09-06 17:24:12 | INFO | Max stall temperature range: 0.2 F
2025-09-06 17:24:17 | INFO | Processed JSON message: {'timestamp': '2025-09-07T00:24:17.880760', 'temperature': 140.8}
2025-09-06 17:24:17 | INFO | Rolling window size: 10
2025-09-06 17:24:17 | INFO | Max stall temperature range: 0.2 F
2025-09-06 17:24:25 | INFO | Processed JSON message: {'timestamp': '2025-09-07T00:24:25.125771', 'temperature': 141.2}
2025-09-06 17:24:25 | INFO | Rolling window size: 10
2025-09-06 17:24:25 | INFO | Max stall temperature range: 0.2 F
2025-09-06 17:24:30 | INFO | Processed JSON message: {'timestamp': '2025-09-07T00:24:30.127689', 'temperature': 141.6}
2025-09-06 17:24:30 | INFO | Rolling window size: 10
2025-09-06 17:24:30 | INFO | Max stall temperature range: 0.2 F
2025-09-06 17:24:35 | INFO | Processed JSON message: {'timestamp': '2025-09-07T00:24:35.130114', 'temperature': 142.0}
2025-09-06 17:24:35 | INFO | Rolling window size: 10
2025-09-06 17:24:35 | INFO | Max stall temperature range: 0.2 F
2025-09-06 17:24:40 | INFO | Processed JSON message: {'timestamp': '2025-09-07T00:24:40.131447', 'temperature': 142.2}
2025-09-06 17:24:40 | INFO | Rolling window size: 10
2025-09-06 17:24:40 | INFO | Max stall temperature range: 0.2 F
2025-09-06 17:24:45 | INFO | Processed JSON message: {'timestamp': '2025-09-07T00:24:45.132589', 'temperature': 142.0}
2025-09-06 17:24:45 | INFO | Rolling window size: 10
2025-09-06 17:24:45 | INFO | Max stall temperature range: 0.2 F
2025-09-06 17:24:50 | INFO | Processed JSON message: {'timestamp': '2025-09-07T00:24:50.135724', 'temperature': 142.2}
2025-09-06 17:24:50 | INFO | Rolling window size: 10
2025-09-06 17:24:50 | INFO | Max stall temperature range: 0.2 F
2025-09-06 17:24:55 | INFO | Processed JSON message: {'timestamp': '2025-09-07T00:24:55.137459', 'temperature': 142.0}
2025-09-06 17:24:55 | INFO | Rolling window size: 10
2025-09-06 17:24:55 | INFO | Max stall temperature range: 0.2 F
2025-09-06 17:25:02 | INFO | Processed JSON message: {'timestamp': '2025-09-07T00:25:02.388593', 'temperature': 142.2}
2025-09-06 17:25:02 | INFO | Rolling window size: 10
2025-09-06 17:25:02 | INFO | Max stall temperature range: 0.2 F
2025-09-06 17:25:07 | INFO | Processed JSON message: {'timestamp': '2025-09-07T00:25:07.389854', 'temperature': 142.0}
2025-09-06 17:25:07 | INFO | Rolling window size: 10
2025-09-06 17:25:07 | INFO | Max stall temperature range: 0.2 F
2025-09-06 17:25:12 | INFO | Processed JSON message: {'timestamp': '2025-09-07T00:25:12.392195', 'temperature': 142.2}
2025-09-06 17:25:12 | INFO | Rolling window size: 10
2025-09-06 17:25:12 | INFO | Max stall temperature range: 0.2 F
2025-09-06 17:25:17 | INFO | Processed JSON message: {'timestamp': '2025-09-07T00:25:17.396682', 'temperature': 142.0}
2025-09-06 17:25:17 | INFO | Rolling window size: 10
2025-09-06 17:25:17 | INFO | Max stall temperature range: 0.2 F
2025-09-06 17:25:22 | INFO | Processed JSON message: {'timestamp': '2025-09-07T00:25:22.400241', 'temperature': 142.2}
2025-09-06 17:25:22 | INFO | Rolling window size: 10
2025-09-06 17:25:22 | INFO | Max stall temperature range: 0.2 F
2025-09-06 17:25:22 | INFO | STALL DETECTED at 2025-09-07T00:25:22.400241: Temp stable at 142.2°F over last 10 readings.
2025-09-06 17:25:27 | INFO | Processed JSON message: {'timestamp': '2025-09-07T00:25:27.404768', 'temperature': 142.0}
2025-09-06 17:25:27 | INFO | Rolling window size: 10
2025-09-06 17:25:27 | INFO | Max stall temperature range: 0.2 F
2025-09-06 17:25:27 | INFO | STALL DETECTED at 2025-09-07T00:25:27.404768: Temp stable at 142.0°F over last 10 readings.
2025-09-06 17:25:34 | INFO | Processed JSON message: {'timestamp': '2025-09-07T00:25:34.657852', 'temperature': 142.2}
2025-09-06 17:25:34 | INFO | Rolling window size: 10
2025-09-06 17:25:34 | INFO | Max stall temperature range: 0.2 F
2025-09-06 17:25:34 | INFO | STALL DETECTED at 2025-09-07T00:25:34.657852: Temp stable at 142.2°F over last 10 readings.
2025-09-06 17:25:39 | INFO | Processed JSON message: {'timestamp': '2025-09-07T00:25:39.660467', 'temperature': 142.0}
2025-09-06 17:25:39 | INFO | Rolling window size: 10
2025-09-06 17:25:39 | INFO | Max stall temperature range: 0.2 F
2025-09-06 17:25:39 | INFO | STALL DETECTED at 2025-09-07T00:25:39.660467: Temp stable at 142.0°F over last 10 readings.
2025-09-06 17:25:44 | INFO | Processed JSON message: {'timestamp': '2025-09-07T00:25:44.662503', 'temperature': 142.2}
2025-09-06 17:25:44 | INFO | Rolling window size: 10
2025-09-06 17:25:44 | INFO | Max stall temperature range: 0.2 F
2025-09-06 17:25:44 | INFO | STALL DETECTED at 2025-09-07T00:25:44.662503: Temp stable at 142.2°F over last 10 readings.
2025-09-06 17:25:49 | INFO | Processed JSON message: {'timestamp': '2025-09-07T00:25:49.664531', 'temperature': 142.0}
2025-09-06 17:25:49 | INFO | Rolling window size: 10
2025-09-06 17:25:49 | INFO | Max stall temperature range: 0.2 F
2025-09-06 17:25:49 | INFO | STALL DETECTED at 2025-09-07T00:25:49.664531: Temp stable at 142.0°F over last 10 readings.
2025-09-06 17:25:54 | INFO | Processed JSON message: {'timestamp': '2025-09-07T00:25:54.667118', 'temperature': 142.2}
2025-09-06 17:25:54 | INFO | Rolling window size: 10
2025-09-06 17:25:54 | INFO | Max stall temperature range: 0.2 F
2025-09-06 17:25:54 | INFO | STALL DETECTED at 2025-09-07T00:25:54.667118: Temp stable at 142.2°F over last 10 readings.
2025-09-06 17:25:59 | INFO | Processed JSON message: {'timestamp': '2025-09-07T00:25:59.670663', 'temperature': 142.0}
2025-09-06 17:25:59 | INFO | Rolling window size: 10
2025-09-06 17:25:59 | INFO | Max stall temperature range: 0.2 F
2025-09-06 17:25:59 | INFO | STALL DETECTED at 2025-09-07T00:25:59.670663: Temp stable at 142.0°F over last 10 readings.
2025-09-06 17:26:04 | INFO | Processed JSON message: {'timestamp': '2025-09-07T00:26:04.674010', 'temperature': 142.2}
2025-09-06 17:26:04 | INFO | Rolling window size: 10
2025-09-06 17:26:04 | INFO | Max stall temperature range: 0.2 F
2025-09-06 17:26:04 | INFO | STALL DETECTED at 2025-09-07T00:26:04.674010: Temp stable at 142.2°F over last 10 readings.
2025-09-06 17:26:11 | INFO | Processed JSON message: {'timestamp': '2025-09-07T00:26:11.932371', 'temperature': 142.0}
2025-09-06 17:26:11 | INFO | Rolling window size: 10
2025-09-06 17:26:11 | INFO | Max stall temperature range: 0.2 F
2025-09-06 17:26:11 | INFO | STALL DETECTED at 2025-09-07T00:26:11.932371: Temp stable at 142.0°F over last 10 readings.
2025-09-06 17:26:16 | INFO | Processed JSON message: {'timestamp': '2025-09-07T00:26:16.934294', 'temperature': 142.2}
2025-09-06 17:26:16 | INFO | Rolling window size: 10
2025-09-06 17:26:16 | INFO | Max stall temperature range: 0.2 F
2025-09-06 17:26:16 | INFO | STALL DETECTED at 2025-09-07T00:26:16.934294: Temp stable at 142.2°F over last 10 readings.
2025-09-06 17:26:21 | INFO | Processed JSON message: {'timestamp': '2025-09-07T00:26:21.935427', 'temperature': 142.0}
2025-09-06 17:26:21 | INFO | Rolling window size: 10
2025-09-06 17:26:21 | INFO | Max stall temperature range: 0.2 F
2025-09-06 17:26:21 | INFO | STALL DETECTED at 2025-09-07T00:26:21.935427: Temp stable at 142.0°F over last 10 readings.
2025-09-06 17:26:26 | INFO | Processed JSON message: {'timestamp': '2025-09-07T00:26:26.938552', 'temperature': 142.2}
2025-09-06 17:26:26 | INFO | Rolling window size: 10
2025-09-06 17:26:26 | INFO | Max stall temperature range: 0.2 F
2025-09-06 17:26:26 | INFO | STALL DETECTED at 2025-09-07T00:26:26.938552: Temp stable at 142.2°F over last 10 readings.
2025-09-06 17:26:31 | INFO | Processed JSON message: {'timestamp': '2025-09-07T00:26:31.942640', 'temperature': 142.0}
2025-09-06 17:26:31 | INFO | Rolling window size: 10
2025-09-06 17:26:31 | INFO | Max stall temperature range: 0.2 F
2025-09-06 17:26:31 | INFO | STALL DETECTED at 2025-09-07T00:26:31.942640: Temp stable at 142.0°F over last 10 readings.
2025-09-06 17:26:36 | INFO | Processed JSON message: {'timestamp': '2025-09-07T00:26:36.945240', 'temperature': 142.2}
2025-09-06 17:26:36 | INFO | Rolling window size: 10
2025-09-06 17:26:36 | INFO | Max stall temperature range: 0.2 F
2025-09-06 17:26:36 | INFO | STALL DETECTED at 2025-09-07T00:26:36.945240: Temp stable at 142.2°F over last 10 readings.
2025-09-06 17:26:44 | INFO | Processed JSON message: {'timestamp': '2025-09-07T00:26:44.211990', 'temperature': 142.0}
2025-09-06 17:26:44 | INFO | Rolling window size: 10
2025-09-06 17:26:44 | INFO | Max stall temperature range: 0.2 F
2025-09-06 17:26:44 | INFO | STALL DETECTED at 2025-09-07T00:26:44.211990: Temp stable at 142.0°F over last 10 readings.
2025-09-06 17:26:49 | INFO | Processed JSON message: {'timestamp': '2025-09-07T00:26:49.214219', 'temperature': 142.2}
2025-09-06 17:26:49 | INFO | Rolling window size: 10
2025-09-06 17:26:49 | INFO | Max stall temperature range: 0.2 F
2025-09-06 17:26:49 | INFO | STALL DETECTED at 2025-09-07T00:26:49.214219: Temp stable at 142.2°F over last 10 readings.
2025-09-06 17:26:54 | INFO | Processed JSON message: {'timestamp': '2025-09-07T00:26:54.216908', 'temperature': 142.0}
2025-09-06 17:26:54 | INFO | Rolling window size: 10
2025-09-06 17:26:54 | INFO | Max stall temperature range: 0.2 F
2025-09-06 17:26:54 | INFO | STALL DETECTED at 2025-09-07T00:26:54.216908: Temp stable at 142.0°F over last 10 readings.
2025-09-06 17:26:59 | INFO | Processed JSON message: {'timestamp': '2025-09-07T00:26:59.219244', 'temperature': 142.2}
2025-09-06 17:26:59 | INFO | Rolling window size: 10
2025-09-06 17:26:59 | INFO | Max stall temperature range: 0.2 F
2025-09-06 17:26:59 | INFO | STALL DETECTED at 2025-09-07T00:26:59.219244: Temp stable at 142.2°F over last 10 readings.
2025-09-06 17:27:04 | INFO | Processed JSON message: {'timestamp': '2025-09-07T00:27:04.220596', 'temperature': 142.0}
2025-09-06 17:27:04 | INFO | Rolling window size: 10
2025-09-06 17:27:04 | INFO | Max stall temperature range: 0.2 F
2025-09-06 17:27:04 | INFO | STALL DETECTED at 2025-09-07T00:27:04.220596: Temp stable at 142.0°F over last 10 readings.
2025-09-06 17:27:09 | INFO | Processed JSON message: {'timestamp': '2025-09-07T00:27:09.222838', 'temperature': 142.2}
2025-09-06 17:27:09 | INFO | Rolling window size: 10
2025-09-06 17:27:09 | INFO | Max stall temperature range: 0.2 F
2025-09-06 17:27:09 | INFO | STALL DETECTED at 2025-09-07T00:27:09.222838: Temp stable at 142.2°F over last 10 readings.
2025-09-06 17:27:16 | INFO | Processed JSON message: {'timestamp': '2025-09-07T00:27:16.485008', 'temperature': 142.0}
2025-09-06 17:27:16 | INFO | Rolling window size: 10
2025-09-06 17:27:16 | INFO | Max stall temperature range: 0.2 F
2025-09-06 17:27:16 | INFO | STALL DETECTED at 2025-09-07T00:27:16.485008: Temp stable at 142.0°F over last 10 readings.
2025-09-06 17:27:21 | INFO | Processed JSON message: {'timestamp': '2025-09-07T00:27:21.487289', 'temperature': 142.2}
2025-09-06 17:27:21 | INFO | Rolling window size: 10
2025-09-06 17:27:21 | INFO | Max stall temperature range: 0.2 F
2025-09-06 17:27:21 | INFO | STALL DETECTED at 2025-09-07T00:27:21.487289: Temp stable at 142.2°F over last 10 readings.
2025-09-06 17:27:26 | INFO | Processed JSON message: {'timestamp': '2025-09-07T00:27:26.493195', 'temperature': 142.0}
2025-09-06 17:27:26 | INFO | Rolling window size: 10
2025-09-06 17:27:26 | INFO | Max stall temperature range: 0.2 F
2025-09-06 17:27:26 | INFO | STALL DETECTED at 2025-09-07T00:27:26.493195: Temp stable at 142.0°F over last 10 readings.
2025-09-06 17:27:31 | INFO | Processed JSON message: {'timestamp': '2025-09-07T00:27:31.494650', 'temperature': 142.2}
2025-09-06 17:27:31 | INFO | Rolling window size: 10
2025-09-06 17:27:31 | INFO | Max stall temperature range: 0.2 F
2025-09-06 17:27:31 | INFO | STALL DETECTED at 2025-09-07T00:27:31.494650: Temp stable at 142.2°F over last 10 readings.
2025-09-06 17:27:36 | INFO | Processed JSON message: {'timestamp': '2025-09-07T00:27:36.496732', 'temperature': 142.0}
2025-09-06 17:27:36 | INFO | Rolling window size: 10
2025-09-06 17:27:36 | INFO | Max stall temperature range: 0.2 F
2025-09-06 17:27:36 | INFO | STALL DETECTED at 2025-09-07T00:27:36.496732: Temp stable at 142.0°F over last 10 readings.
2025-09-06 17:27:41 | INFO | Processed JSON message: {'timestamp': '2025-09-07T00:27:41.497931', 'temperature': 142.2}
2025-09-06 17:27:41 | INFO | Rolling window size: 10
2025-09-06 17:27:41 | INFO | Max stall temperature range: 0.2 F
2025-09-06 17:27:41 | INFO | STALL DETECTED at 2025-09-07T00:27:41.497931: Temp stable at 142.2°F over last 10 readings.
2025-09-06 17:27:46 | INFO | Processed JSON message: {'timestamp': '2025-09-07T00:27:46.499710', 'temperature': 142.0}
2025-09-06 17:27:46 | INFO | Rolling window size: 10
2025-09-06 17:27:46 | INFO | Max stall temperature range: 0.2 F
2025-09-06 17:27:46 | INFO | STALL DETECTED at 2025-09-07T00:27:46.499710: Temp stable at 142.0°F over last 10 readings.
2025-09-06 17:27:53 | INFO | Processed JSON message: {'timestamp': '2025-09-07T00:27:53.787026', 'temperature': 142.2}
2025-09-06 17:27:53 | INFO | Rolling window size: 10
2025-09-06 17:27:53 | INFO | Max stall temperature range: 0.2 F
2025-09-06 17:27:53 | INFO | STALL DETECTED at 2025-09-07T00:27:53.787026: Temp stable at 142.2°F over last 10 readings.
2025-09-06 17:27:58 | INFO | Processed JSON message: {'timestamp': '2025-09-07T00:27:58.789445', 'temperature': 142.0}
2025-09-06 17:27:58 | INFO | Rolling window size: 10
2025-09-06 17:27:58 | INFO | Max stall temperature range: 0.2 F
2025-09-06 17:27:58 | INFO | STALL DETECTED at 2025-09-07T00:27:58.789445: Temp stable at 142.0°F over last 10 readings.
2025-09-06 17:28:03 | INFO | Processed JSON message: {'timestamp': '2025-09-07T00:28:03.791583', 'temperature': 142.2}
2025-09-06 17:28:03 | INFO | Rolling window size: 10
2025-09-06 17:28:03 | INFO | Max stall temperature range: 0.2 F
2025-09-06 17:28:03 | INFO | STALL DETECTED at 2025-09-07T00:28:03.791583: Temp stable at 142.2°F over last 10 readings.
2025-09-06 17:28:08 | INFO | Processed JSON message: {'timestamp': '2025-09-07T00:28:08.796377', 'temperature': 142.0}
2025-09-06 17:28:08 | INFO | Rolling window size: 10
2025-09-06 17:28:08 | INFO | Max stall temperature range: 0.2 F
2025-09-06 17:28:08 | INFO | STALL DETECTED at 2025-09-07T00:28:08.796377: Temp stable at 142.0°F over last 10 readings.
2025-09-06 17:28:13 | INFO | Processed JSON message: {'timestamp': '2025-09-07T00:28:13.798833', 'temperature': 142.2}
2025-09-06 17:28:13 | INFO | Rolling window size: 10
2025-09-06 17:28:13 | INFO | Max stall temperature range: 0.2 F
2025-09-06 17:28:13 | INFO | STALL DETECTED at 2025-09-07T00:28:13.798833: Temp stable at 142.2°F over last 10 readings.
2025-09-06 17:28:18 | INFO | Processed JSON message: {'timestamp': '2025-09-07T00:28:18.800911', 'temperature': 142.0}
2025-09-06 17:28:18 | INFO | Rolling window size: 10
2025-09-06 17:28:18 | INFO | Max stall temperature range: 0.2 F
2025-09-06 17:28:18 | INFO | STALL DETECTED at 2025-09-07T00:28:18.800911: Temp stable at 142.0°F over last 10 readings.
2025-09-06 17:28:26 | INFO | Processed JSON message: {'timestamp': '2025-09-07T00:28:26.057157', 'temperature': 142.2}
2025-09-06 17:28:26 | INFO | Rolling window size: 10
2025-09-06 17:28:26 | INFO | Max stall temperature range: 0.2 F
2025-09-06 17:28:26 | INFO | STALL DETECTED at 2025-09-07T00:28:26.057157: Temp stable at 142.2°F over last 10 readings.
2025-09-06 17:28:31 | INFO | Processed JSON message: {'timestamp': '2025-09-07T00:28:31.058605', 'temperature': 142.0}
2025-09-06 17:28:31 | INFO | Rolling window size: 10
2025-09-06 17:28:31 | INFO | Max stall temperature range: 0.2 F
2025-09-06 17:28:31 | INFO | STALL DETECTED at 2025-09-07T00:28:31.058605: Temp stable at 142.0°F over last 10 readings.
2025-09-06 17:28:36 | INFO | Processed JSON message: {'timestamp': '2025-09-07T00:28:36.060830', 'temperature': 142.2}
2025-09-06 17:28:36 | INFO | Rolling window size: 10
2025-09-06 17:28:36 | INFO | Max stall temperature range: 0.2 F
2025-09-06 17:28:36 | INFO | STALL DETECTED at 2025-09-07T00:28:36.060830: Temp stable at 142.2°F over last 10 readings.
2025-09-06 17:28:41 | INFO | Processed JSON message: {'timestamp': '2025-09-07T00:28:41.062877', 'temperature': 142.0}
2025-09-06 17:28:41 | INFO | Rolling window size: 10
2025-09-06 17:28:41 | INFO | Max stall temperature range: 0.2 F
2025-09-06 17:28:41 | INFO | STALL DETECTED at 2025-09-07T00:28:41.062877: Temp stable at 142.0°F over last 10 readings.
2025-09-06 17:28:46 | INFO | Processed JSON message: {'timestamp': '2025-09-07T00:28:46.063784', 'temperature': 142.2}
2025-09-06 17:28:46 | INFO | Rolling window size: 10
2025-09-06 17:28:46 | INFO | Max stall temperature range: 0.2 F
2025-09-06 17:28:46 | INFO | STALL DETECTED at 2025-09-07T00:28:46.063784: Temp stable at 142.2°F over last 10 readings.
2025-09-06 17:28:51 | INFO | Processed JSON message: {'timestamp': '2025-09-07T00:28:51.065313', 'temperature': 142.0}
2025-09-06 17:28:51 | INFO | Rolling window size: 10
2025-09-06 17:28:51 | INFO | Max stall temperature range: 0.2 F
2025-09-06 17:28:51 | INFO | STALL DETECTED at 2025-09-07T00:28:51.065313: Temp stable at 142.0°F over last 10 readings.
2025-09-06 17:28:56 | INFO | Processed JSON message: {'timestamp': '2025-09-07T00:28:56.069207', 'temperature': 142.2}
2025-09-06 17:28:56 | INFO | Rolling window size: 10
2025-09-06 17:28:56 | INFO | Max stall temperature range: 0.2 F
2025-09-06 17:28:56 | INFO | STALL DETECTED at 2025-09-07T00:28:56.069207: Temp stable at 142.2°F over last 10 readings.
2025-09-06 17:29:03 | INFO | Processed JSON message: {'timestamp': '2025-09-07T00:29:03.337523', 'temperature': 142.0}
2025-09-06 17:29:03 | INFO | Rolling window size: 10
2025-09-06 17:29:03 | INFO | Max stall temperature range: 0.2 F
2025-09-06 17:29:03 | INFO | STALL DETECTED at 2025-09-07T00:29:03.337523: Temp stable at 142.0°F over last 10 readings.
2025-09-06 17:29:08 | INFO | Processed JSON message: {'timestamp': '2025-09-07T00:29:08.339241', 'temperature': 142.2}
2025-09-06 17:29:08 | INFO | Rolling window size: 10
2025-09-06 17:29:08 | INFO | Max stall temperature range: 0.2 F
2025-09-06 17:29:08 | INFO | STALL DETECTED at 2025-09-07T00:29:08.339241: Temp stable at 142.2°F over last 10 readings.
2025-09-06 17:29:13 | INFO | Processed JSON message: {'timestamp': '2025-09-07T00:29:13.343000', 'temperature': 142.0}
2025-09-06 17:29:13 | INFO | Rolling window size: 10
2025-09-06 17:29:13 | INFO | Max stall temperature range: 0.2 F
2025-09-06 17:29:13 | INFO | STALL DETECTED at 2025-09-07T00:29:13.343000: Temp stable at 142.0°F over last 10 readings.
2025-09-06 17:29:18 | INFO | Processed JSON message: {'timestamp': '2025-09-07T00:29:18.345834', 'temperature': 142.2}
2025-09-06 17:29:18 | INFO | Rolling window size: 10
2025-09-06 17:29:18 | INFO | Max stall temperature range: 0.2 F
2025-09-06 17:29:18 | INFO | STALL DETECTED at 2025-09-07T00:29:18.345834: Temp stable at 142.2°F over last 10 readings.
2025-09-06 17:29:23 | INFO | Processed JSON message: {'timestamp': '2025-09-07T00:29:23.348577', 'temperature': 142.0}
2025-09-06 17:29:23 | INFO | Rolling window size: 10
2025-09-06 17:29:23 | INFO | Max stall temperature range: 0.2 F
2025-09-06 17:29:23 | INFO | STALL DETECTED at 2025-09-07T00:29:23.348577: Temp stable at 142.0°F over last 10 readings.
2025-09-06 17:29:28 | INFO | Processed JSON message: {'timestamp': '2025-09-07T00:29:28.350231', 'temperature': 142.2}
2025-09-06 17:29:28 | INFO | Rolling window size: 10
2025-09-06 17:29:28 | INFO | Max stall temperature range: 0.2 F
2025-09-06 17:29:28 | INFO | STALL DETECTED at 2025-09-07T00:29:28.350231: Temp stable at 142.2°F over last 10 readings.
2025-09-06 17:29:36 | INFO | Processed JSON message: {'timestamp': '2025-09-07T00:29:36.016770', 'temperature': 142.0}
2025-09-06 17:29:36 | INFO | Rolling window size: 10
2025-09-06 17:29:36 | INFO | Max stall temperature range: 0.2 F
2025-09-06 17:29:36 | INFO | STALL DETECTED at 2025-09-07T00:29:36.016770: Temp stable at 142.0°F over last 10 readings.
2025-09-06 17:29:41 | INFO | Processed JSON message: {'timestamp': '2025-09-07T00:29:41.019162', 'temperature': 142.2}
2025-09-06 17:29:41 | INFO | Rolling window size: 10
2025-09-06 17:29:41 | INFO | Max stall temperature range: 0.2 F
2025-09-06 17:29:41 | INFO | STALL DETECTED at 2025-09-07T00:29:41.019162: Temp stable at 142.2°F over last 10 readings.
2025-09-06 17:29:46 | INFO | Processed JSON message: {'timestamp': '2025-09-07T00:29:46.021428', 'temperature': 142.0}
2025-09-06 17:29:46 | INFO | Rolling window size: 10
2025-09-06 17:29:46 | INFO | Max stall temperature range: 0.2 F
2025-09-06 17:29:46 | INFO | STALL DETECTED at 2025-09-07T00:29:46.021428: Temp stable at 142.0°F over last 10 readings.
2025-09-06 17:29:51 | INFO | Processed JSON message: {'timestamp': '2025-09-07T00:29:51.025861', 'temperature': 142.2}
2025-09-06 17:29:51 | INFO | Rolling window size: 10
2025-09-06 17:29:51 | INFO | Max stall temperature range: 0.2 F
2025-09-06 17:29:51 | INFO | STALL DETECTED at 2025-09-07T00:29:51.025861: Temp stable at 142.2°F over last 10 readings.
2025-09-06 17:29:56 | INFO | Processed JSON message: {'timestamp': '2025-09-07T00:29:56.028543', 'temperature': 142.0}
2025-09-06 17:29:56 | INFO | Rolling window size: 10
2025-09-06 17:29:56 | INFO | Max stall temperature range: 0.2 F
2025-09-06 17:29:56 | INFO | STALL DETECTED at 2025-09-07T00:29:56.028543: Temp stable at 142.0°F over last 10 readings.
2025-09-06 17:30:01 | INFO | Processed JSON message: {'timestamp': '2025-09-07T00:30:01.108106', 'temperature': 70.4}
2025-09-06 17:30:01 | INFO | Rolling window size: 10
2025-09-06 17:30:01 | INFO | Max stall temperature range: 0.2 F
2025-09-06 17:30:06 | INFO | Processed JSON message: {'timestamp': '2025-09-07T00:30:06.110328', 'temperature': 70.8}
2025-09-06 17:30:06 | INFO | Rolling window size: 10
2025-09-06 17:30:06 | INFO | Max stall temperature range: 0.2 F
2025-09-06 17:30:13 | INFO | Processed JSON message: {'timestamp': '2025-09-07T00:30:13.828241', 'temperature': 71.2}
2025-09-06 17:30:13 | INFO | Rolling window size: 10
2025-09-06 17:30:13 | INFO | Max stall temperature range: 0.2 F
2025-09-06 17:30:18 | INFO | Processed JSON message: {'timestamp': '2025-09-07T00:30:18.829468', 'temperature': 71.6}
2025-09-06 17:30:18 | INFO | Rolling window size: 10
2025-09-06 17:30:18 | INFO | Max stall temperature range: 0.2 F
2025-09-06 17:30:23 | INFO | Processed JSON message: {'timestamp': '2025-09-07T00:30:23.833436', 'temperature': 72.0}
2025-09-06 17:30:23 | INFO | Rolling window size: 10
2025-09-06 17:30:23 | INFO | Max stall temperature range: 0.2 F
2025-09-06 17:30:28 | INFO | Processed JSON message: {'timestamp': '2025-09-07T00:30:28.835102', 'temperature': 72.4}
2025-09-06 17:30:28 | INFO | Rolling window size: 10
2025-09-06 17:30:28 | INFO | Max stall temperature range: 0.2 F
2025-09-06 17:30:33 | INFO | Processed JSON message: {'timestamp': '2025-09-07T00:30:33.837023', 'temperature': 72.8}
2025-09-06 17:30:33 | INFO | Rolling window size: 10
2025-09-06 17:30:33 | INFO | Max stall temperature range: 0.2 F
2025-09-06 17:30:38 | INFO | Processed JSON message: {'timestamp': '2025-09-07T00:30:38.838026', 'temperature': 73.2}
2025-09-06 17:30:38 | INFO | Rolling window size: 10
2025-09-06 17:30:38 | INFO | Max stall temperature range: 0.2 F
2025-09-06 17:30:46 | INFO | Processed JSON message: {'timestamp': '2025-09-07T00:30:46.286708', 'temperature': 73.6}
2025-09-06 17:30:46 | INFO | Rolling window size: 10
2025-09-06 17:30:46 | INFO | Max stall temperature range: 0.2 F
2025-09-06 17:30:51 | INFO | Processed JSON message: {'timestamp': '2025-09-07T00:30:51.290131', 'temperature': 74.0}
2025-09-06 17:30:51 | INFO | Rolling window size: 10
2025-09-06 17:30:51 | INFO | Max stall temperature range: 0.2 F
2025-09-06 17:30:56 | INFO | Processed JSON message: {'timestamp': '2025-09-07T00:30:56.291362', 'temperature': 74.4}
2025-09-06 17:30:56 | INFO | Rolling window size: 10
2025-09-06 17:30:56 | INFO | Max stall temperature range: 0.2 F
2025-09-06 17:31:01 | INFO | Processed JSON message: {'timestamp': '2025-09-07T00:31:01.292847', 'temperature': 74.8}
2025-09-06 17:31:01 | INFO | Rolling window size: 10
2025-09-06 17:31:01 | INFO | Max stall temperature range: 0.2 F
2025-09-06 17:31:06 | INFO | Processed JSON message: {'timestamp': '2025-09-07T00:31:06.295019', 'temperature': 75.2}
2025-09-06 17:31:06 | INFO | Rolling window size: 10
2025-09-06 17:31:06 | INFO | Max stall temperature range: 0.2 F
2025-09-06 17:31:11 | INFO | Processed JSON message: {'timestamp': '2025-09-07T00:31:11.296893', 'temperature': 75.6}
2025-09-06 17:31:11 | INFO | Rolling window size: 10
2025-09-06 17:31:11 | INFO | Max stall temperature range: 0.2 F
2025-09-06 17:31:16 | INFO | Processed JSON message: {'timestamp': '2025-09-07T00:31:16.298308', 'temperature': 76.0}
2025-09-06 17:31:16 | INFO | Rolling window size: 10
2025-09-06 17:31:16 | INFO | Max stall temperature range: 0.2 F
2025-09-06 17:31:24 | INFO | Processed JSON message: {'timestamp': '2025-09-07T00:31:24.516703', 'temperature': 76.4}
2025-09-06 17:31:24 | INFO | Rolling window size: 10
2025-09-06 17:31:24 | INFO | Max stall temperature range: 0.2 F
2025-09-06 17:31:29 | INFO | Processed JSON message: {'timestamp': '2025-09-07T00:31:29.517796', 'temperature': 76.8}
2025-09-06 17:31:29 | INFO | Rolling window size: 10
2025-09-06 17:31:29 | INFO | Max stall temperature range: 0.2 F
2025-09-06 17:31:34 | INFO | Processed JSON message: {'timestamp': '2025-09-07T00:31:34.522176', 'temperature': 77.2}
2025-09-06 17:31:34 | INFO | Rolling window size: 10
2025-09-06 17:31:34 | INFO | Max stall temperature range: 0.2 F
2025-09-06 17:31:39 | INFO | Processed JSON message: {'timestamp': '2025-09-07T00:31:39.524263', 'temperature': 77.6}
2025-09-06 17:31:39 | INFO | Rolling window size: 10
2025-09-06 17:31:39 | INFO | Max stall temperature range: 0.2 F
2025-09-06 17:31:44 | INFO | Processed JSON message: {'timestamp': '2025-09-07T00:31:44.525744', 'temperature': 78.0}
2025-09-06 17:31:44 | INFO | Rolling window size: 10
2025-09-06 17:31:44 | INFO | Max stall temperature range: 0.2 F
2025-09-06 17:31:49 | INFO | Processed JSON message: {'timestamp': '2025-09-07T00:31:49.527777', 'temperature': 78.4}
2025-09-06 17:31:49 | INFO | Rolling window size: 10
2025-09-06 17:31:49 | INFO | Max stall temperature range: 0.2 F
2025-09-06 17:31:57 | INFO | Processed JSON message: {'timestamp': '2025-09-07T00:31:57.763773', 'temperature': 78.8}
2025-09-06 17:31:57 | INFO | Rolling window size: 10
2025-09-06 17:31:57 | INFO | Max stall temperature range: 0.2 F
2025-09-06 17:32:02 | INFO | Processed JSON message: {'timestamp': '2025-09-07T00:32:02.764773', 'temperature': 79.2}
2025-09-06 17:32:02 | INFO | Rolling window size: 10
2025-09-06 17:32:02 | INFO | Max stall temperature range: 0.2 F
2025-09-06 17:32:07 | INFO | Processed JSON message: {'timestamp': '2025-09-07T00:32:07.768603', 'temperature': 79.6}
2025-09-06 17:32:07 | INFO | Rolling window size: 10
2025-09-06 17:32:07 | INFO | Max stall temperature range: 0.2 F
2025-09-06 17:32:12 | INFO | Processed JSON message: {'timestamp': '2025-09-07T00:32:12.770837', 'temperature': 80.0}
2025-09-06 17:32:12 | INFO | Rolling window size: 10
2025-09-06 17:32:12 | INFO | Max stall temperature range: 0.2 F
2025-09-06 17:32:17 | INFO | Processed JSON message: {'timestamp': '2025-09-07T00:32:17.772368', 'temperature': 80.4}
2025-09-06 17:32:17 | INFO | Rolling window size: 10
2025-09-06 17:32:17 | INFO | Max stall temperature range: 0.2 F
2025-09-06 17:32:22 | INFO | Processed JSON message: {'timestamp': '2025-09-07T00:32:22.775517', 'temperature': 80.8}
2025-09-06 17:32:22 | INFO | Rolling window size: 10
2025-09-06 17:32:22 | INFO | Max stall temperature range: 0.2 F
2025-09-06 17:32:30 | INFO | Processed JSON message: {'timestamp': '2025-09-07T00:32:30.258601', 'temperature': 81.2}
2025-09-06 17:32:30 | INFO | Rolling window size: 10
2025-09-06 17:32:30 | INFO | Max stall temperature range: 0.2 F
2025-09-06 17:32:35 | INFO | Processed JSON message: {'timestamp': '2025-09-07T00:32:35.261199', 'temperature': 81.6}
2025-09-06 17:32:35 | INFO | Rolling window size: 10
2025-09-06 17:32:35 | INFO | Max stall temperature range: 0.2 F
2025-09-06 17:32:40 | INFO | Processed JSON message: {'timestamp': '2025-09-07T00:32:40.262238', 'temperature': 82.0}
2025-09-06 17:32:40 | INFO | Rolling window size: 10
2025-09-06 17:32:40 | INFO | Max stall temperature range: 0.2 F
2025-09-06 17:32:45 | INFO | Processed JSON message: {'timestamp': '2025-09-07T00:32:45.263436', 'temperature': 82.4}
2025-09-06 17:32:45 | INFO | Rolling window size: 10
2025-09-06 17:32:45 | INFO | Max stall temperature range: 0.2 F
2025-09-06 17:32:50 | INFO | Processed JSON message: {'timestamp': '2025-09-07T00:32:50.265465', 'temperature': 82.8}
2025-09-06 17:32:50 | INFO | Rolling window size: 10
2025-09-06 17:32:50 | INFO | Max stall temperature range: 0.2 F
2025-09-06 17:32:55 | INFO | Processed JSON message: {'timestamp': '2025-09-07T00:32:55.266878', 'temperature': 83.2}
2025-09-06 17:32:55 | INFO | Rolling window size: 10
2025-09-06 17:32:55 | INFO | Max stall temperature range: 0.2 F
2025-09-06 17:33:00 | INFO | Processed JSON message: {'timestamp': '2025-09-07T00:33:00.269039', 'temperature': 83.6}
2025-09-06 17:33:00 | INFO | Rolling window size: 10
2025-09-06 17:33:00 | INFO | Max stall temperature range: 0.2 F
2025-09-06 17:33:08 | INFO | Processed JSON message: {'timestamp': '2025-09-07T00:33:08.642983', 'temperature': 84.0}
2025-09-06 17:33:08 | INFO | Rolling window size: 10
2025-09-06 17:33:08 | INFO | Max stall temperature range: 0.2 F
2025-09-06 17:33:13 | INFO | Processed JSON message: {'timestamp': '2025-09-07T00:33:13.645139', 'temperature': 84.4}
2025-09-06 17:33:13 | INFO | Rolling window size: 10
2025-09-06 17:33:13 | INFO | Max stall temperature range: 0.2 F
2025-09-06 17:33:18 | INFO | Processed JSON message: {'timestamp': '2025-09-07T00:33:18.647357', 'temperature': 84.8}
2025-09-06 17:33:18 | INFO | Rolling window size: 10
2025-09-06 17:33:18 | INFO | Max stall temperature range: 0.2 F
2025-09-06 17:33:23 | INFO | Processed JSON message: {'timestamp': '2025-09-07T00:33:23.649415', 'temperature': 85.2}
2025-09-06 17:33:23 | INFO | Rolling window size: 10
2025-09-06 17:33:23 | INFO | Max stall temperature range: 0.2 F
2025-09-06 17:33:28 | INFO | Processed JSON message: {'timestamp': '2025-09-07T00:33:28.651615', 'temperature': 85.6}
2025-09-06 17:33:28 | INFO | Rolling window size: 10
2025-09-06 17:33:28 | INFO | Max stall temperature range: 0.2 F
2025-09-06 17:33:33 | INFO | Processed JSON message: {'timestamp': '2025-09-07T00:33:33.653478', 'temperature': 86.0}
2025-09-06 17:33:33 | INFO | Rolling window size: 10
2025-09-06 17:33:33 | INFO | Max stall temperature range: 0.2 F
2025-09-06 17:33:40 | INFO | Processed JSON message: {'timestamp': '2025-09-07T00:33:40.632171', 'temperature': 86.4}
2025-09-06 17:33:40 | INFO | Rolling window size: 10
2025-09-06 17:33:40 | INFO | Max stall temperature range: 0.2 F
2025-09-06 17:33:45 | INFO | Processed JSON message: {'timestamp': '2025-09-07T00:33:45.634036', 'temperature': 86.8}
2025-09-06 17:33:45 | INFO | Rolling window size: 10
2025-09-06 17:33:45 | INFO | Max stall temperature range: 0.2 F
2025-09-06 17:33:50 | INFO | Processed JSON message: {'timestamp': '2025-09-07T00:33:50.635890', 'temperature': 87.2}
2025-09-06 17:33:50 | INFO | Rolling window size: 10
2025-09-06 17:33:50 | INFO | Max stall temperature range: 0.2 F
2025-09-06 17:33:55 | INFO | Processed JSON message: {'timestamp': '2025-09-07T00:33:55.637853', 'temperature': 87.6}
2025-09-06 17:33:55 | INFO | Rolling window size: 10
2025-09-06 17:33:55 | INFO | Max stall temperature range: 0.2 F
2025-09-06 17:34:00 | INFO | Processed JSON message: {'timestamp': '2025-09-07T00:34:00.640127', 'temperature': 88.0}
2025-09-06 17:34:00 | INFO | Rolling window size: 10
2025-09-06 17:34:00 | INFO | Max stall temperature range: 0.2 F
2025-09-06 17:34:05 | INFO | Processed JSON message: {'timestamp': '2025-09-07T00:34:05.643395', 'temperature': 88.4}
2025-09-06 17:34:05 | INFO | Rolling window size: 10
2025-09-06 17:34:05 | INFO | Max stall temperature range: 0.2 F
2025-09-06 17:34:10 | INFO | Processed JSON message: {'timestamp': '2025-09-07T00:34:10.645730', 'temperature': 88.8}
2025-09-06 17:34:10 | INFO | Rolling window size: 10
2025-09-06 17:34:10 | INFO | Max stall temperature range: 0.2 F
2025-09-06 17:34:19 | INFO | Processed JSON message: {'timestamp': '2025-09-07T00:34:19.015049', 'temperature': 89.2}
2025-09-06 17:34:19 | INFO | Rolling window size: 10
2025-09-06 17:34:19 | INFO | Max stall temperature range: 0.2 F
2025-09-06 17:34:24 | INFO | Processed JSON message: {'timestamp': '2025-09-07T00:34:24.017145', 'temperature': 89.6}
2025-09-06 17:34:24 | INFO | Rolling window size: 10
2025-09-06 17:34:24 | INFO | Max stall temperature range: 0.2 F
2025-09-06 17:34:29 | INFO | Processed JSON message: {'timestamp': '2025-09-07T00:34:29.022521', 'temperature': 90.0}
2025-09-06 17:34:29 | INFO | Rolling window size: 10
2025-09-06 17:34:29 | INFO | Max stall temperature range: 0.2 F
2025-09-06 17:34:34 | INFO | Processed JSON message: {'timestamp': '2025-09-07T00:34:34.023511', 'temperature': 90.4}
2025-09-06 17:34:34 | INFO | Rolling window size: 10
2025-09-06 17:34:34 | INFO | Max stall temperature range: 0.2 F
2025-09-06 17:34:39 | INFO | Processed JSON message: {'timestamp': '2025-09-07T00:34:39.025518', 'temperature': 90.8}
2025-09-06 17:34:39 | INFO | Rolling window size: 10
2025-09-06 17:34:39 | INFO | Max stall temperature range: 0.2 F
2025-09-06 17:34:44 | INFO | Processed JSON message: {'timestamp': '2025-09-07T00:34:44.026554', 'temperature': 91.2}
2025-09-06 17:34:44 | INFO | Rolling window size: 10
2025-09-06 17:34:44 | INFO | Max stall temperature range: 0.2 F
2025-09-06 17:34:50 | INFO | Processed JSON message: {'timestamp': '2025-09-07T00:34:50.673771', 'temperature': 91.6}
2025-09-06 17:34:50 | INFO | Rolling window size: 10
2025-09-06 17:34:50 | INFO | Max stall temperature range: 0.2 F
2025-09-06 17:34:55 | INFO | Processed JSON message: {'timestamp': '2025-09-07T00:34:55.676754', 'temperature': 92.0}
2025-09-06 17:34:55 | INFO | Rolling window size: 10
2025-09-06 17:34:55 | INFO | Max stall temperature range: 0.2 F
2025-09-06 17:35:00 | INFO | Processed JSON message: {'timestamp': '2025-09-07T00:35:00.678816', 'temperature': 92.4}
2025-09-06 17:35:00 | INFO | Rolling window size: 10
2025-09-06 17:35:00 | INFO | Max stall temperature range: 0.2 F
2025-09-06 17:35:05 | INFO | Processed JSON message: {'timestamp': '2025-09-07T00:35:05.680036', 'temperature': 92.8}
2025-09-06 17:35:05 | INFO | Rolling window size: 10
2025-09-06 17:35:05 | INFO | Max stall temperature range: 0.2 F
2025-09-06 17:35:10 | INFO | Processed JSON message: {'timestamp': '2025-09-07T00:35:10.682102', 'temperature': 93.2}
2025-09-06 17:35:10 | INFO | Rolling window size: 10
2025-09-06 17:35:10 | INFO | Max stall temperature range: 0.2 F
2025-09-06 17:35:15 | INFO | Processed JSON message: {'timestamp': '2025-09-07T00:35:15.683530', 'temperature': 93.6}
2025-09-06 17:35:15 | INFO | Rolling window size: 10
2025-09-06 17:35:15 | INFO | Max stall temperature range: 0.2 F
2025-09-06 17:35:20 | INFO | Processed JSON message: {'timestamp': '2025-09-07T00:35:20.685402', 'temperature': 94.0}
2025-09-06 17:35:20 | INFO | Rolling window size: 10
2025-09-06 17:35:20 | INFO | Max stall temperature range: 0.2 F
2025-09-06 17:35:28 | INFO | Processed JSON message: {'timestamp': '2025-09-07T00:35:28.974431', 'temperature': 94.4}
2025-09-06 17:35:28 | INFO | Rolling window size: 10
2025-09-06 17:35:28 | INFO | Max stall temperature range: 0.2 F
2025-09-06 17:35:33 | INFO | Processed JSON message: {'timestamp': '2025-09-07T00:35:33.978042', 'temperature': 94.8}
2025-09-06 17:35:33 | INFO | Rolling window size: 10
2025-09-06 17:35:33 | INFO | Max stall temperature range: 0.2 F
2025-09-06 17:35:38 | INFO | Processed JSON message: {'timestamp': '2025-09-07T00:35:38.980262', 'temperature': 95.2}
2025-09-06 17:35:38 | INFO | Rolling window size: 10
2025-09-06 17:35:38 | INFO | Max stall temperature range: 0.2 F
2025-09-06 17:35:43 | INFO | Processed JSON message: {'timestamp': '2025-09-07T00:35:43.981651', 'temperature': 95.6}
2025-09-06 17:35:43 | INFO | Rolling window size: 10
2025-09-06 17:35:43 | INFO | Max stall temperature range: 0.2 F
2025-09-06 17:35:48 | INFO | Processed JSON message: {'timestamp': '2025-09-07T00:35:48.982858', 'temperature': 96.0}
2025-09-06 17:35:48 | INFO | Rolling window size: 10
2025-09-06 17:35:48 | INFO | Max stall temperature range: 0.2 F
2025-09-06 17:35:53 | INFO | Processed JSON message: {'timestamp': '2025-09-07T00:35:53.986404', 'temperature': 96.4}
2025-09-06 17:35:53 | INFO | Rolling window size: 10
2025-09-06 17:35:53 | INFO | Max stall temperature range: 0.2 F
2025-09-06 17:36:01 | INFO | Processed JSON message: {'timestamp': '2025-09-07T00:36:01.033163', 'temperature': 96.8}
2025-09-06 17:36:01 | INFO | Rolling window size: 10
2025-09-06 17:36:01 | INFO | Max stall temperature range: 0.2 F
2025-09-06 17:36:06 | INFO | Processed JSON message: {'timestamp': '2025-09-07T00:36:06.035050', 'temperature': 97.2}
2025-09-06 17:36:06 | INFO | Rolling window size: 10
2025-09-06 17:36:06 | INFO | Max stall temperature range: 0.2 F
2025-09-06 17:36:11 | INFO | Processed JSON message: {'timestamp': '2025-09-07T00:36:11.036996', 'temperature': 97.6}
2025-09-06 17:36:11 | INFO | Rolling window size: 10
2025-09-06 17:36:11 | INFO | Max stall temperature range: 0.2 F
2025-09-06 17:36:16 | INFO | Processed JSON message: {'timestamp': '2025-09-07T00:36:16.039334', 'temperature': 98.0}
2025-09-06 17:36:16 | INFO | Rolling window size: 10
2025-09-06 17:36:16 | INFO | Max stall temperature range: 0.2 F
2025-09-06 17:36:21 | INFO | Processed JSON message: {'timestamp': '2025-09-07T00:36:21.042329', 'temperature': 98.4}
2025-09-06 17:36:21 | INFO | Rolling window size: 10
2025-09-06 17:36:21 | INFO | Max stall temperature range: 0.2 F
2025-09-06 17:36:26 | INFO | Processed JSON message: {'timestamp': '2025-09-07T00:36:26.044843', 'temperature': 98.8}
2025-09-06 17:36:26 | INFO | Rolling window size: 10
2025-09-06 17:36:26 | INFO | Max stall temperature range: 0.2 F
2025-09-06 17:36:31 | INFO | Processed JSON message: {'timestamp': '2025-09-07T00:36:31.046813', 'temperature': 99.2}
2025-09-06 17:36:31 | INFO | Rolling window size: 10
2025-09-06 17:36:31 | INFO | Max stall temperature range: 0.2 F
2025-09-06 17:36:39 | INFO | Processed JSON message: {'timestamp': '2025-09-07T00:36:39.275913', 'temperature': 99.6}
2025-09-06 17:36:39 | INFO | Rolling window size: 10
2025-09-06 17:36:39 | INFO | Max stall temperature range: 0.2 F
2025-09-06 17:36:44 | INFO | Processed JSON message: {'timestamp': '2025-09-07T00:36:44.277404', 'temperature': 100.0}
2025-09-06 17:36:44 | INFO | Rolling window size: 10
2025-09-06 17:36:44 | INFO | Max stall temperature range: 0.2 F
2025-09-06 17:36:49 | INFO | Processed JSON message: {'timestamp': '2025-09-07T00:36:49.278674', 'temperature': 100.4}
2025-09-06 17:36:49 | INFO | Rolling window size: 10
2025-09-06 17:36:49 | INFO | Max stall temperature range: 0.2 F
2025-09-06 17:36:54 | INFO | Processed JSON message: {'timestamp': '2025-09-07T00:36:54.280579', 'temperature': 100.8}
2025-09-06 17:36:54 | INFO | Rolling window size: 10
2025-09-06 17:36:54 | INFO | Max stall temperature range: 0.2 F
2025-09-06 17:36:59 | INFO | Processed JSON message: {'timestamp': '2025-09-07T00:36:59.282651', 'temperature': 101.2}
2025-09-06 17:36:59 | INFO | Rolling window size: 10
2025-09-06 17:36:59 | INFO | Max stall temperature range: 0.2 F
2025-09-06 17:37:04 | INFO | Processed JSON message: {'timestamp': '2025-09-07T00:37:04.285553', 'temperature': 101.6}
2025-09-06 17:37:04 | INFO | Rolling window size: 10
2025-09-06 17:37:04 | INFO | Max stall temperature range: 0.2 F
2025-09-06 17:37:12 | INFO | Processed JSON message: {'timestamp': '2025-09-07T00:37:12.403705', 'temperature': 102.0}
2025-09-06 17:37:12 | INFO | Rolling window size: 10
2025-09-06 17:37:12 | INFO | Max stall temperature range: 0.2 F
2025-09-06 17:37:17 | INFO | Processed JSON message: {'timestamp': '2025-09-07T00:37:17.404918', 'temperature': 102.4}
2025-09-06 17:37:17 | INFO | Rolling window size: 10
2025-09-06 17:37:17 | INFO | Max stall temperature range: 0.2 F
2025-09-06 17:37:22 | INFO | Processed JSON message: {'timestamp': '2025-09-07T00:37:22.406044', 'temperature': 102.8}
2025-09-06 17:37:22 | INFO | Rolling window size: 10
2025-09-06 17:37:22 | INFO | Max stall temperature range: 0.2 F
2025-09-06 17:37:27 | INFO | Processed JSON message: {'timestamp': '2025-09-07T00:37:27.407175', 'temperature': 103.2}
2025-09-06 17:37:27 | INFO | Rolling window size: 10
2025-09-06 17:37:27 | INFO | Max stall temperature range: 0.2 F
2025-09-06 17:37:32 | INFO | Processed JSON message: {'timestamp': '2025-09-07T00:37:32.409154', 'temperature': 103.6}
2025-09-06 17:37:32 | INFO | Rolling window size: 10
2025-09-06 17:37:32 | INFO | Max stall temperature range: 0.2 F
2025-09-06 17:37:37 | INFO | Processed JSON message: {'timestamp': '2025-09-07T00:37:37.410333', 'temperature': 104.0}
2025-09-06 17:37:37 | INFO | Rolling window size: 10
2025-09-06 17:37:37 | INFO | Max stall temperature range: 0.2 F
2025-09-06 17:37:45 | INFO | Processed JSON message: {'timestamp': '2025-09-07T00:37:45.647029', 'temperature': 104.4}
2025-09-06 17:37:45 | INFO | Rolling window size: 10
2025-09-06 17:37:45 | INFO | Max stall temperature range: 0.2 F
2025-09-06 17:37:50 | INFO | Processed JSON message: {'timestamp': '2025-09-07T00:37:50.648643', 'temperature': 104.8}
2025-09-06 17:37:50 | INFO | Rolling window size: 10
2025-09-06 17:37:50 | INFO | Max stall temperature range: 0.2 F
2025-09-06 17:37:55 | INFO | Processed JSON message: {'timestamp': '2025-09-07T00:37:55.650726', 'temperature': 105.2}
2025-09-06 17:37:55 | INFO | Rolling window size: 10
2025-09-06 17:37:55 | INFO | Max stall temperature range: 0.2 F
2025-09-06 17:38:00 | INFO | Processed JSON message: {'timestamp': '2025-09-07T00:38:00.652950', 'temperature': 105.6}
2025-09-06 17:38:00 | INFO | Rolling window size: 10
2025-09-06 17:38:00 | INFO | Max stall temperature range: 0.2 F
2025-09-06 17:38:05 | INFO | Processed JSON message: {'timestamp': '2025-09-07T00:38:05.654749', 'temperature': 106.0}
2025-09-06 17:38:05 | INFO | Rolling window size: 10
2025-09-06 17:38:05 | INFO | Max stall temperature range: 0.2 F
2025-09-06 17:38:10 | INFO | Processed JSON message: {'timestamp': '2025-09-07T00:38:10.656942', 'temperature': 106.4}
2025-09-06 17:38:10 | INFO | Rolling window size: 10
2025-09-06 17:38:10 | INFO | Max stall temperature range: 0.2 F
2025-09-06 17:38:15 | INFO | Processed JSON message: {'timestamp': '2025-09-07T00:38:15.659154', 'temperature': 106.8}
2025-09-06 17:38:15 | INFO | Rolling window size: 10
2025-09-06 17:38:15 | INFO | Max stall temperature range: 0.2 F
2025-09-06 17:38:23 | INFO | Processed JSON message: {'timestamp': '2025-09-07T00:38:23.479843', 'temperature': 107.2}
2025-09-06 17:38:23 | INFO | Rolling window size: 10
2025-09-06 17:38:23 | INFO | Max stall temperature range: 0.2 F
2025-09-06 17:38:28 | INFO | Processed JSON message: {'timestamp': '2025-09-07T00:38:28.483724', 'temperature': 107.6}
2025-09-06 17:38:28 | INFO | Rolling window size: 10
2025-09-06 17:38:28 | INFO | Max stall temperature range: 0.2 F
2025-09-06 17:38:33 | INFO | Processed JSON message: {'timestamp': '2025-09-07T00:38:33.485373', 'temperature': 108.0}
2025-09-06 17:38:33 | INFO | Rolling window size: 10
2025-09-06 17:38:33 | INFO | Max stall temperature range: 0.2 F
2025-09-06 17:38:38 | INFO | Processed JSON message: {'timestamp': '2025-09-07T00:38:38.487298', 'temperature': 108.4}
2025-09-06 17:38:38 | INFO | Rolling window size: 10
2025-09-06 17:38:38 | INFO | Max stall temperature range: 0.2 F
2025-09-06 17:38:43 | INFO | Processed JSON message: {'timestamp': '2025-09-07T00:38:43.491230', 'temperature': 108.8}
2025-09-06 17:38:43 | INFO | Rolling window size: 10
2025-09-06 17:38:43 | INFO | Max stall temperature range: 0.2 F
2025-09-06 17:38:48 | INFO | Processed JSON message: {'timestamp': '2025-09-07T00:38:48.493767', 'temperature': 109.2}
2025-09-06 17:38:48 | INFO | Rolling window size: 10
2025-09-06 17:38:48 | INFO | Max stall temperature range: 0.2 F
2025-09-06 17:38:56 | INFO | Processed JSON message: {'timestamp': '2025-09-07T00:38:56.873011', 'temperature': 109.6}
2025-09-06 17:38:56 | INFO | Rolling window size: 10
2025-09-06 17:38:56 | INFO | Max stall temperature range: 0.2 F
2025-09-06 17:39:01 | INFO | Processed JSON message: {'timestamp': '2025-09-07T00:39:01.874713', 'temperature': 110.0}
2025-09-06 17:39:01 | INFO | Rolling window size: 10
2025-09-06 17:39:01 | INFO | Max stall temperature range: 0.2 F
2025-09-06 17:39:06 | INFO | Processed JSON message: {'timestamp': '2025-09-07T00:39:06.877096', 'temperature': 110.4}
2025-09-06 17:39:06 | INFO | Rolling window size: 10
2025-09-06 17:39:06 | INFO | Max stall temperature range: 0.2 F
2025-09-06 17:39:11 | INFO | Processed JSON message: {'timestamp': '2025-09-07T00:39:11.878547', 'temperature': 110.8}
2025-09-06 17:39:11 | INFO | Rolling window size: 10
2025-09-06 17:39:11 | INFO | Max stall temperature range: 0.2 F
2025-09-06 17:39:16 | INFO | Processed JSON message: {'timestamp': '2025-09-07T00:39:16.879452', 'temperature': 111.2}
2025-09-06 17:39:16 | INFO | Rolling window size: 10
2025-09-06 17:39:16 | INFO | Max stall temperature range: 0.2 F
2025-09-06 17:39:21 | INFO | Processed JSON message: {'timestamp': '2025-09-07T00:39:21.881357', 'temperature': 111.6}
2025-09-06 17:39:21 | INFO | Rolling window size: 10
2025-09-06 17:39:21 | INFO | Max stall temperature range: 0.2 F
2025-09-06 17:39:26 | INFO | Processed JSON message: {'timestamp': '2025-09-07T00:39:26.884456', 'temperature': 112.0}
2025-09-06 17:39:26 | INFO | Rolling window size: 10
2025-09-06 17:39:26 | INFO | Max stall temperature range: 0.2 F
2025-09-06 17:39:34 | INFO | Processed JSON message: {'timestamp': '2025-09-07T00:39:34.558493', 'temperature': 112.4}
2025-09-06 17:39:34 | INFO | Rolling window size: 10
2025-09-06 17:39:34 | INFO | Max stall temperature range: 0.2 F
2025-09-06 17:39:39 | INFO | Processed JSON message: {'timestamp': '2025-09-07T00:39:39.560199', 'temperature': 112.8}
2025-09-06 17:39:39 | INFO | Rolling window size: 10
2025-09-06 17:39:39 | INFO | Max stall temperature range: 0.2 F
2025-09-06 17:39:44 | INFO | Processed JSON message: {'timestamp': '2025-09-07T00:39:44.563524', 'temperature': 113.2}
2025-09-06 17:39:44 | INFO | Rolling window size: 10
2025-09-06 17:39:44 | INFO | Max stall temperature range: 0.2 F
2025-09-06 17:39:49 | INFO | Processed JSON message: {'timestamp': '2025-09-07T00:39:49.567591', 'temperature': 113.6}
2025-09-06 17:39:49 | INFO | Rolling window size: 10
2025-09-06 17:39:49 | INFO | Max stall temperature range: 0.2 F
2025-09-06 17:39:54 | INFO | Processed JSON message: {'timestamp': '2025-09-07T00:39:54.569819', 'temperature': 114.0}
2025-09-06 17:39:54 | INFO | Rolling window size: 10
2025-09-06 17:39:54 | INFO | Max stall temperature range: 0.2 F
2025-09-06 17:39:59 | INFO | Processed JSON message: {'timestamp': '2025-09-07T00:39:59.572606', 'temperature': 114.4}
2025-09-06 17:39:59 | INFO | Rolling window size: 10
2025-09-06 17:39:59 | INFO | Max stall temperature range: 0.2 F
2025-09-06 17:40:07 | INFO | Processed JSON message: {'timestamp': '2025-09-07T00:40:07.341886', 'temperature': 114.8}
2025-09-06 17:40:07 | INFO | Rolling window size: 10
2025-09-06 17:40:07 | INFO | Max stall temperature range: 0.2 F
2025-09-06 17:40:12 | INFO | Processed JSON message: {'timestamp': '2025-09-07T00:40:12.343785', 'temperature': 115.2}
2025-09-06 17:40:12 | INFO | Rolling window size: 10
2025-09-06 17:40:12 | INFO | Max stall temperature range: 0.2 F
2025-09-06 17:40:17 | INFO | Processed JSON message: {'timestamp': '2025-09-07T00:40:17.348506', 'temperature': 115.6}
2025-09-06 17:40:17 | INFO | Rolling window size: 10
2025-09-06 17:40:17 | INFO | Max stall temperature range: 0.2 F
